<?xml version="1.0" encoding="UTF-8"?>
<!-- Generated by org.testng.reporters.JUnitReportReporter -->
<testsuite hostname="DESKTOP-KQ451IS" failures="0" tests="1" name="TestLoginAP.TestLoginAP" time="2.405" errors="0" timestamp="2022-08-06T09:08:54 ICT" skipped="0">
  <testcase classname="TestLoginAP.TestLoginAP" name="LoginAp" time="2.405"/>
  <system-out/>
</testsuite> <!-- TestLoginAP.TestLoginAP -->
