<?xml version="1.0" encoding="UTF-8"?>
<!-- Generated by org.testng.reporters.JUnitReportReporter -->
<testsuite hostname="DESKTOP-KQ451IS" failures="0" tests="4" name="com.group2.other.DangNhapTest" time="19.450" errors="0" timestamp="2022-08-03T09:08:18 ICT" skipped="0">
  <testcase classname="com.group2.other.DangNhapTest" name="testDangNhap" time="5.353"/>
  <system-out/>
  <testcase classname="com.group2.other.DangNhapTest" name="testDangNhap1" time="1.895"/>
  <system-out/>
  <testcase classname="com.group2.other.DangNhapTest" name="testDangNhap3" time="5.380"/>
  <system-out/>
  <testcase classname="com.group2.other.DangNhapTest" name="testDangNhap2" time="6.822"/>
  <system-out/>
</testsuite> <!-- com.group2.other.DangNhapTest -->
