<?xml version="1.0" encoding="UTF-8"?>
<!-- Generated by org.testng.reporters.JUnitReportReporter -->
<testsuite hostname="DESKTOP-KQ451IS" failures="0" tests="4" name="com.poly.test.DangNhapTest" time="5.106" errors="0" timestamp="2022-08-15T20:33:06 ICT" skipped="0">
  <testcase classname="com.poly.test.DangNhapTest" name="testCheck" time="0.104"/>
  <system-out/>
  <testcase classname="com.poly.test.DangNhapTest" name="testCheck" time="1.448"/>
  <system-out/>
  <testcase classname="com.poly.test.DangNhapTest" name="testCheck" time="1.224"/>
  <system-out/>
  <testcase classname="com.poly.test.DangNhapTest" name="testCheck" time="2.330"/>
  <system-out/>
</testsuite> <!-- com.poly.test.DangNhapTest -->
